<?xml version="1.0" encoding="UTF-8"?>
<testsuite xmlns:xsi="http://www.w3.org/2001/XMLSchema-instance" xsi:noNamespaceSchemaLocation="https://maven.apache.org/surefire/maven-surefire-plugin/xsd/surefire-test-report-3.0.xsd" version="3.0" name="ie.atu.untitled2.CounterTest" time="0.198" tests="4" errors="0" skipped="0" failures="0">
  <properties>
[...]
</properties>
  <testcase name="testConstructorFail" classname="ie.atu.untitled2.CounterTest" time="0.114"/>
  <testcase name="testConstructorSuccess" classname="ie.atu.untitled2.CounterTest" time="0.003"/>
  <testcase name="testIncrement" classname="ie.atu.untitled2.CounterTest" time="0.003"/>
  <testcase name="testDecrement" classname="ie.atu.untitled2.CounterTest" time="0.004"/>
</testsuite>